
9:18:43 AM Thursday, August 10, 2017:  Could not find file 'C:\Users\steven.micklewright\Development\C# Projects\Play Value Report\Play Value Report\bin\Release\database.loc'.

9:18:43 AM Thursday, August 10, 2017:  Object reference not set to an instance of an object.

9:18:43 AM Thursday, August 10, 2017:  DATABASE CONNECTION ERROR

9:22:35 AM Thursday, August 10, 2017:  Database.loc not found!

9:22:37 AM Thursday, August 10, 2017:  Object reference not set to an instance of an object.

9:22:37 AM Thursday, August 10, 2017:  DATABASE CONNECTION ERROR

9:22:47 AM Thursday, August 10, 2017:  Database.loc not found!

9:22:55 AM Thursday, August 10, 2017:  Object reference not set to an instance of an object.

9:22:55 AM Thursday, August 10, 2017:  DATABASE CONNECTION ERROR

9:23:36 AM Thursday, August 10, 2017:  Database.loc not found!

9:23:39 AM Thursday, August 10, 2017:  Object reference not set to an instance of an object.

9:23:39 AM Thursday, August 10, 2017:  DATABASE CONNECTION ERROR

9:24:19 AM Thursday, August 10, 2017:  Cannot open database "ECS7_8721011" requested by the login. The login failed.
Login failed for user 'EMBINT\Steven.Micklewright'.

9:24:19 AM Thursday, August 10, 2017:  DATABASE CONNECTION ERROR

9:25:45 AM Thursday, August 10, 2017:  Cannot open database "ECS7_8721011" requested by the login. The login failed.
Login failed for user 'EMBINT\Steven.Micklewright'.

9:25:45 AM Thursday, August 10, 2017:  DATABASE CONNECTION ERROR

9:41:19 AM Thursday, August 10, 2017:  Cannot open database "ECS7_8721011" requested by the login. The login failed.
Login failed for user 'EMBINT\Steven.Micklewright'.

9:41:19 AM Thursday, August 10, 2017:  DATABASE CONNECTION ERROR

10:51:37 AM Thursday, August 10, 2017:  AIRH,ATTR,CTR,ROLL,KIDR,MERCH,MBOWL,Photo,PIN,RED,TKND,VID,

10:52:43 AM Thursday, August 10, 2017:  AIRH,ATTR,CTR,ROLL,KIDR,MERCH,MBOWL,Photo,PIN,RED,TKND,VID,

1:55:56 PM Monday, September 11, 2017:  Auto mode initiated but no INI file found!

1:56:46 PM Monday, September 11, 2017:  Error in report.ini auto configuration file.

2:12:00 PM Monday, September 11, 2017:  Error exporting to CSV

2:13:08 PM Monday, September 11, 2017:  Error exporting to CSV

2:30:08 PM Monday, September 11, 2017:  Error getting game categories list

2:31:46 PM Monday, September 11, 2017:  Error getting game categories list
